[cobra-tate.com/index.html]
[cobra-tate.com/wp-content/uploads/matomo/container_mojN7KTG.js]
[backblue.gif]
[fade.gif]
[index.html]
[cobra-tate.com/css/normalize.css]
[cobra-tate.com/css/components.css]
[cobra-tate.com/css/HU-4-0.css]
[ajax.googleapis.com/ajax/libs/webfont/1.6.26/webfont.js]
[cobra-tate.com/images/favicon.png]
[cobra-tate.com/images/webclip.png]
[cobra-tate.com/index-2.html]
[cobra-tate.com/images2/img2.png]
[cobra-tate.com/images/a1.webp]
[cobra-tate.com/images/a2.webp]
[cobra-tate.com/images/a3.webp]
[cobra-tate.com/images/a4.png]
[cobra-tate.com/images/a5.webp]
[cobra-tate.com/images/a6.webp]
[cobra-tate.com/images/a7.webp]
[cobra-tate.com/images/a8.webp]
[cobra-tate.com/images/Tates.webp]
[cobra-tate.com/images/Group.webp]
[cobra-tate.com/images/polaroid01.webp]
[cobra-tate.com/images/polaroid02.webp]
[cobra-tate.com/images/b1.webp]
[cobra-tate.com/images/b2.webp]
[cobra-tate.com/images/b3.webp]
[cobra-tate.com/images/arrow.png]
[cobra-tate.com/images/United-States.webp]
[cobra-tate.com/images/Stocks_2.webp]
[cobra-tate.com/images/Netherlands.webp]
[cobra-tate.com/images/Ecom.webp]
[cobra-tate.com/images/Romania.webp]
[cobra-tate.com/images/Copywriting_2.webp]
[cobra-tate.com/images/United-Kingdom.webp]
[cobra-tate.com/images/Freelancing_3.webp]
[cobra-tate.com/images/Germany.webp]
[cobra-tate.com/images/Crypto.webp]
[cobra-tate.com/images/photo01.webp]
[cobra-tate.com/images/photo02.webp]
[cobra-tate.com/images/01-gigapixel-art-scale-2_00x_101-gigapixel-art-scale-2_00x.webp]
[cobra-tate.com/images/02-gigapixel-art-scale-2_00x_102-gigapixel-art-scale-2_00x.webp]
[cobra-tate.com/images/03-gigapixel-art-scale-2_00x_103-gigapixel-art-scale-2_00x.webp]
[cobra-tate.com/images/04-gigapixel-art-scale-2_00x_104-gigapixel-art-scale-2_00x.webp]
[cobra-tate.com/images/05-gigapixel-art-scale-2_00x_105-gigapixel-art-scale-2_00x.webp]
[cobra-tate.com/images/06-gigapixel-art-scale-2_00x_106-gigapixel-art-scale-2_00x.webp]
[cobra-tate.com/images/07-gigapixel-art-scale-2_00x_107-gigapixel-art-scale-2_00x.webp]
[cobra-tate.com/images/08-gigapixel-art-scale-2_00x_108-gigapixel-art-scale-2_00x.webp]
[cobra-tate.com/images/09-gigapixel-art-scale-2_00x_109-gigapixel-art-scale-2_00x.webp]
[cobra-tate.com/images/10-gigapixel-art-scale-2_00x_110-gigapixel-art-scale-2_00x.webp]
[cobra-tate.com/images/11-gigapixel-art-scale-2_00x_111-gigapixel-art-scale-2_00x.webp]
[cobra-tate.com/images/12-gigapixel-art-scale-2_00x_112-gigapixel-art-scale-2_00x.webp]
[cobra-tate.com/images/13-gigapixel-art-scale-2_00x_113-gigapixel-art-scale-2_00x.webp]
[cobra-tate.com/images/14-gigapixel-art-scale-2_00x_114-gigapixel-art-scale-2_00x.webp]
[cobra-tate.com/images/15-gigapixel-art-scale-2_00x_115-gigapixel-art-scale-2_00x.webp]
[cobra-tate.com/images/16-gigapixel-art-scale-2_00x_116-gigapixel-art-scale-2_00x.webp]
[cobra-tate.com/images/17-gigapixel-art-scale-2_00x_117-gigapixel-art-scale-2_00x.webp]
[cobra-tate.com/images/18-gigapixel-art-scale-2_00x_118-gigapixel-art-scale-2_00x.webp]
[cobra-tate.com/images/19-gigapixel-art-scale-2_00x_119-gigapixel-art-scale-2_00x.webp]
[cobra-tate.com/images/20-gigapixel-art-scale-2_00x_120-gigapixel-art-scale-2_00x.webp]
[cobra-tate.com/images/arrow-down.webp]
[cobra-tate.com/images/02_202.webp]
[cobra-tate.com/images/01_201.webp]
[cobra-tate.com/images/03_303.webp]
[cobra-tate.com/images/01_301.webp]
[cobra-tate.com/images/02_302.webp]
[cobra-tate.com/images/03_103.webp]
[cobra-tate.com/images/04_104.webp]
[cobra-tate.com/images/05_205.webp]
[cobra-tate.com/images/06_106.webp]
[cobra-tate.com/images/07_107.webp]
[cobra-tate.com/images/08_208.webp]
[cobra-tate.com/images/09_209.webp]
[cobra-tate.com/images/10_310.webp]
[cobra-tate.com/images/11_211.webp]
[cobra-tate.com/images/12_312.webp]
[cobra-tate.com/images/13_313.webp]
[cobra-tate.com/images/14_214.webp]
[cobra-tate.com/images/15_115.webp]
[cobra-tate.com/images/16_216.webp]
[cobra-tate.com/images/17_217.webp]
[cobra-tate.com/images/18_218.webp]
[cobra-tate.com/images/19_219.webp]
[cobra-tate.com/images/20_220.webp]
[cobra-tate.com/images/21_221.webp]
[cobra-tate.com/images/22_222.webp]
[cobra-tate.com/images/23_323.webp]
[cobra-tate.com/images/24_224.webp]
[cobra-tate.com/images/25_225.webp]
[cobra-tate.com/images/26_226.webp]
[cobra-tate.com/images/27_227.webp]
[cobra-tate.com/images/28_228.webp]
[cobra-tate.com/images/29_129.webp]
[cobra-tate.com/images/30_230.webp]
[static.klaviyo.com/onsite/js/klaviyo1095.js]
[cobra-tate.com/support.html]
[cobra-tate.com/terms-and-conditions.html]
[cobra-tate.com/privacy-policy.html]
[cobra-tate.com/index.html]
[www.googletagmanager.com/gtm5445.html]
[cobra-tate.com/css/normalize.css]
[cobra-tate.com/css/components.css]
[cobra-tate.com/css/HU-4-0.css]
[cobra-tate.com/index-2.html]
[cobra-tate.com/support.html]
[cobra-tate.com/terms-and-conditions.html]
[cobra-tate.com/privacy-policy.html]
[code.tidio.co/oscr8qyl8x4cHU7whzqqnfvrq99po9oe.js]
[d3e54v103j8qbb.cloudfront.net/js/jquery-3.5.1.min.dc5e7f18c8f9ee.js]
[cobra-tate.com/js/HU-4-0.js]
[cobra-tate.com/images/matrix2000x2000_1matrix2000x2000.webp]
[cobra-tate.com/images/waves-bg-compressed.png]
[cobra-tate.com/images/matrix-bg-bw-compress_1matrix bg bw compress.webp]
[cobra-tate.com/images/Abstract-BG-Lines-2-1-1.png]
[cobra-tate.com/images/Matrix-BG-1-1_1Matrix BG 1 (1]
[cobra-tate.com/images/Abstract-Lines-Our-Plan-1-1.png]
[cobra-tate.com/images/WAVES01.png]
[cobra-tate.com/images/WAVES02.png]
[cobra-tate.com/images/BG.webp]
[cobra-tate.com/images/BG.png]
[cobra-tate.com/images/Andrew-Copywriting-BG-1_1Andrew Copywriting BG 1.webp]
[cobra-tate.com/images/Netflix.webp]
[cobra-tate.com/images/Join-HU.webp]
[cobra-tate.com/images/Matrix-BG-TRANSPARENT_1Matrix BG TRANSPARENT.webp]
[cobra-tate.com/fonts/FontsFree-Net-Gilroy-Bold.ttf]
[cobra-tate.com/fonts/Benzin-Medium.ttf]
[cobra-tate.com/fonts/Neue-Plak-Extended-Bold.ttf]
[cobra-tate.com/fonts/Neue-Plak-Extended-Regular.ttf]
[cobra-tate.com/fonts/Neue-Plak-Extended-SemiBold.ttf]
[cobra-tate.com/63234a846c8cfe190247a6b7/css/the-real-world.webflow.181039cb6.min.css]
[cobra-tate.com/ajax/libs/webfont/1.6.26/webfont.js]
[cobra-tate.com/63234a846c8cfe190247a6b7/634310a529c53418a6efc9fc_Mask group-2.png]
[cobra-tate.com/63234a846c8cfe190247a6b7/63430fb84585b4d407a2e825_Mask group-1.png]
[cobra-tate.com/_63234a846c8cfe190247a6b7/637651211670d35c97f1ab57_LiveChat Video Desktop-poster-00001.jpg_]
[cobra-tate.com/63234a846c8cfe190247a6b7/637651211670d35c97f1ab57_LiveChat Video Desktop-transcode.mp4]
[cobra-tate.com/63234a846c8cfe190247a6b7/637651211670d35c97f1ab57_LiveChat Video Desktop-transcode.webm]
[cobra-tate.com/63234a846c8cfe190247a6b7/637651211670d35c97f1ab57_LiveChat Video Desktop-poster-00001.jpg]
[cobra-tate.com/6022af993a6b2191db3ed10c/628299f8aa233b83918e24fd_Pause.svg]
[cobra-tate.com/6022af993a6b2191db3ed10c/628298b20ae0236682d4b87f_Play-24.svg]
[cobra-tate.com/js/jquery-3.5.1.min.dc5e7f18c883d4.js]
[cobra-tate.com/63234a846c8cfe190247a6b7/js/webflow.272f88629.js]
[cobra-tate.com/63234a846c8cfe190247a6b7/63402b051f2f0219a317624a_63349a02b67764da6fe1d810_tg_image_4112456184.jpeg]
[cobra-tate.com/63234a846c8cfe190247a6b7/63402b05c1e9cba2ad9f8f17_63349a035139ceb7fc290221_tg_image_2891076456.jpeg]
[cobra-tate.com/63234a846c8cfe190247a6b7/63402b05ed9b57eda83d9ccf_63349a03d9e338520e1690ee_tg_image_3950681814.jpeg]
[cobra-tate.com/63234a846c8cfe190247a6b7/63402b05dd14998549922d2f_63349a03371e641a536fd160_tg_image_2225416427.jpeg]
